# JRE version: OpenJDK Runtime Environment Corretto-21.0.4.7.1 (21.0.4+7) (build 21.0.4+7-LTS)
# Java VM: OpenJDK 64-Bit Server VM Corretto-21.0.4.7.1 (21.0.4+7-LTS, mixed mode, sharing, tiered, compressed oops, compressed class ptrs, g1 gc, windows-amd64)
GC Precious Log:
 CardTable entry size: 512
 Card Set container configuration: InlinePtr #cards 5 size 8 Array Of Cards #cards 12 size 40 Howl #buckets 4 coarsen threshold 1843 Howl Bitmap #cards 512 size 80 coarsen threshold 460 Card regions per heap region 1 cards per card region 2048
 CPUs: 12 total, 12 available
 Memory: 7886M
 Large Page Support: Disabled
 NUMA Support: Disabled
 Compressed Oops: Enabled (32-bit)
 Heap Region Size: 1M
 Heap Min Capacity: 256M
 Heap Initial Capacity: 256M
 Heap Max Capacity: 512M
 Pre-touch: Disabled
 Parallel Workers: 10
 Concurrent Workers: 3
 Concurrent Refinement Workers: 10
 Periodic GC: Disabled
Heap:
 garbage-first heap   total 262144K, used 97353K [0x00000000e0000000, 0x0000000100000000)
  region size 1024K, 34 young (34816K), 8 survivors (8192K)
 Metaspace       used 86226K, committed 88320K, reserved 458752K
  class space    used 11782K, committed 12864K, reserved 327680K
GC Heap History (20 events):
Event: 23.632 GC heap before
{Heap before GC invocations=24 (full 0):
 garbage-first heap   total 262144K, used 200795K [0x00000000e0000000, 0x0000000100000000)
  region size 1024K, 153 young (156672K), 8 survivors (8192K)
 Metaspace       used 54841K, committed 56448K, reserved 393216K
  class space    used 7646K, committed 8448K, reserved 327680K
}
Event: 23.638 GC heap after
{Heap after GC invocations=25 (full 0):
 garbage-first heap   total 262144K, used 53454K [0x00000000e0000000, 0x0000000100000000)
  region size 1024K, 8 young (8192K), 8 survivors (8192K)
 Metaspace       used 54841K, committed 56448K, reserved 393216K
  class space    used 7646K, committed 8448K, reserved 327680K
}
Event: 23.997 GC heap before
{Heap before GC invocations=25 (full 0):
 garbage-first heap   total 262144K, used 201934K [0x00000000e0000000, 0x0000000100000000)
  region size 1024K, 153 young (156672K), 8 survivors (8192K)
 Metaspace       used 54841K, committed 56448K, reserved 393216K
  class space    used 7646K, committed 8448K, reserved 327680K
}
Event: 24.004 GC heap after
{Heap after GC invocations=26 (full 0):
 garbage-first heap   total 262144K, used 54593K [0x00000000e0000000, 0x0000000100000000)
  region size 1024K, 9 young (9216K), 9 survivors (9216K)
 Metaspace       used 54841K, committed 56448K, reserved 393216K
  class space    used 7646K, committed 8448K, reserved 327680K
}
Event: 24.649 GC heap before
{Heap before GC invocations=26 (full 0):
 garbage-first heap   total 262144K, used 202049K [0x00000000e0000000, 0x0000000100000000)
  region size 1024K, 153 young (156672K), 9 survivors (9216K)
 Metaspace       used 54842K, committed 56448K, reserved 393216K
  class space    used 7646K, committed 8448K, reserved 327680K
}
Event: 24.657 GC heap after
{Heap after GC invocations=27 (full 0):
 garbage-first heap   total 262144K, used 55104K [0x00000000e0000000, 0x0000000100000000)
  region size 1024K, 9 young (9216K), 9 survivors (9216K)
 Metaspace       used 54842K, committed 56448K, reserved 393216K
  class space    used 7646K, committed 8448K, reserved 327680K
}
Event: 25.142 GC heap before
{Heap before GC invocations=27 (full 0):
 garbage-first heap   total 262144K, used 202560K [0x00000000e0000000, 0x0000000100000000)
  region size 1024K, 153 young (156672K), 9 survivors (9216K)
 Metaspace       used 54843K, committed 56448K, reserved 393216K
  class space    used 7646K, committed 8448K, reserved 327680K
}
Event: 25.151 GC heap after
{Heap after GC invocations=28 (full 0):
 garbage-first heap   total 262144K, used 56596K [0x00000000e0000000, 0x0000000100000000)
  region size 1024K, 10 young (10240K), 10 survivors (10240K)
 Metaspace       used 54843K, committed 56448K, reserved 393216K
  class space    used 7646K, committed 8448K, reserved 327680K
}
Event: 25.519 GC heap before
{Heap before GC invocations=28 (full 0):
 garbage-first heap   total 262144K, used 203028K [0x00000000e0000000, 0x0000000100000000)
  region size 1024K, 153 young (156672K), 10 survivors (10240K)
 Metaspace       used 54843K, committed 56448K, reserved 393216K
  class space    used 7646K, committed 8448K, reserved 327680K
}
Event: 25.525 GC heap after
{Heap after GC invocations=29 (full 0):
 garbage-first heap   total 262144K, used 53776K [0x00000000e0000000, 0x0000000100000000)
  region size 1024K, 10 young (10240K), 10 survivors (10240K)
 Metaspace       used 54843K, committed 56448K, reserved 393216K
  class space    used 7646K, committed 8448K, reserved 327680K
}
Event: 26.852 GC heap before
{Heap before GC invocations=29 (full 0):
 garbage-first heap   total 262144K, used 120336K [0x00000000e0000000, 0x0000000100000000)
  region size 1024K, 69 young (70656K), 10 survivors (10240K)
 Metaspace       used 59377K, committed 61120K, reserved 393216K
  class space    used 8257K, committed 9152K, reserved 327680K
}
Event: 26.856 GC heap after
{Heap after GC invocations=30 (full 0):
 garbage-first heap   total 262144K, used 54699K [0x00000000e0000000, 0x0000000100000000)
  region size 1024K, 4 young (4096K), 4 survivors (4096K)
 Metaspace       used 59377K, committed 61120K, reserved 393216K
  class space    used 8257K, committed 9152K, reserved 327680K
}
Event: 34.070 GC heap before
{Heap before GC invocations=31 (full 0):
 garbage-first heap   total 262144K, used 209323K [0x00000000e0000000, 0x0000000100000000)
  region size 1024K, 153 young (156672K), 4 survivors (4096K)
 Metaspace       used 73139K, committed 75072K, reserved 393216K
  class space    used 10249K, committed 11200K, reserved 327680K
}
Event: 34.081 GC heap after
{Heap after GC invocations=32 (full 0):
 garbage-first heap   total 262144K, used 65563K [0x00000000e0000000, 0x0000000100000000)
  region size 1024K, 12 young (12288K), 12 survivors (12288K)
 Metaspace       used 73139K, committed 75072K, reserved 393216K
  class space    used 10249K, committed 11200K, reserved 327680K
}
Event: 46.858 GC heap before
{Heap before GC invocations=32 (full 0):
 garbage-first heap   total 262144K, used 213019K [0x00000000e0000000, 0x0000000100000000)
  region size 1024K, 153 young (156672K), 12 survivors (12288K)
 Metaspace       used 81441K, committed 83392K, reserved 458752K
  class space    used 11226K, committed 12224K, reserved 327680K
}
Event: 46.925 GC heap after
{Heap after GC invocations=33 (full 0):
 garbage-first heap   total 262144K, used 74340K [0x00000000e0000000, 0x0000000100000000)
  region size 1024K, 18 young (18432K), 18 survivors (18432K)
 Metaspace       used 81441K, committed 83392K, reserved 458752K
  class space    used 11226K, committed 12224K, reserved 327680K
}
Event: 47.666 GC heap before
{Heap before GC invocations=33 (full 0):
 garbage-first heap   total 262144K, used 211556K [0x00000000e0000000, 0x0000000100000000)
  region size 1024K, 153 young (156672K), 18 survivors (18432K)
 Metaspace       used 81668K, committed 83648K, reserved 458752K
  class space    used 11227K, committed 12224K, reserved 327680K
}
Event: 47.679 GC heap after
{Heap after GC invocations=34 (full 0):
 garbage-first heap   total 262144K, used 72433K [0x00000000e0000000, 0x0000000100000000)
  region size 1024K, 8 young (8192K), 8 survivors (8192K)
 Metaspace       used 81668K, committed 83648K, reserved 458752K
  class space    used 11227K, committed 12224K, reserved 327680K
}
Event: 59.246 GC heap before
{Heap before GC invocations=34 (full 0):
 garbage-first heap   total 262144K, used 219889K [0x00000000e0000000, 0x0000000100000000)
  region size 1024K, 153 young (156672K), 8 survivors (8192K)
 Metaspace       used 85966K, committed 88064K, reserved 458752K
  class space    used 11782K, committed 12864K, reserved 327680K
}
Event: 59.266 GC heap after
{Heap after GC invocations=35 (full 0):
 garbage-first heap   total 262144K, used 71753K [0x00000000e0000000, 0x0000000100000000)
  region size 1024K, 8 young (8192K), 8 survivors (8192K)
 Metaspace       used 85966K, committed 88064K, reserved 458752K
  class space    used 11782K, committed 12864K, reserved 327680K
}

